{"/Users/gonzaloignaciopincheiraarancibia/Desktop/nodeApps/boolean/courses/html-js-exercises/lib/ExercisesEvaluator.js": {"path":"/Users/gonzaloignaciopincheiraarancibia/Desktop/nodeApps/boolean/courses/html-js-exercises/lib/ExercisesEvaluator.js","statementMap":{"0":{"start":{"line":11,"column":8},"end":{"line":11,"column":42}},"1":{"start":{"line":12,"column":8},"end":{"line":16,"column":9}},"2":{"start":{"line":17,"column":8},"end":{"line":17,"column":25}},"3":{"start":{"line":20,"column":8},"end":{"line":24,"column":14}},"4":{"start":{"line":22,"column":33},"end":{"line":22,"column":75}},"5":{"start":{"line":23,"column":16},"end":{"line":23,"column":70}},"6":{"start":{"line":27,"column":32},"end":{"line":34,"column":9}},"7":{"start":{"line":35,"column":8},"end":{"line":35,"column":76}},"8":{"start":{"line":38,"column":8},"end":{"line":52,"column":10}},"9":{"start":{"line":39,"column":32},"end":{"line":39,"column":77}},"10":{"start":{"line":40,"column":32},"end":{"line":40,"column":83}},"11":{"start":{"line":41,"column":31},"end":{"line":41,"column":110}},"12":{"start":{"line":41,"column":76},"end":{"line":41,"column":109}},"13":{"start":{"line":43,"column":12},"end":{"line":51,"column":13}},"14":{"start":{"line":46,"column":20},"end":{"line":46,"column":53}},"15":{"start":{"line":47,"column":20},"end":{"line":47,"column":25}},"16":{"start":{"line":49,"column":20},"end":{"line":49,"column":79}},"17":{"start":{"line":50,"column":20},"end":{"line":50,"column":25}}},"fnMap":{"0":{"name":"(anonymous_0)","decl":{"start":{"line":10,"column":4},"end":{"line":10,"column":5}},"loc":{"start":{"line":10,"column":31},"end":{"line":18,"column":5}},"line":10},"1":{"name":"(anonymous_1)","decl":{"start":{"line":19,"column":4},"end":{"line":19,"column":5}},"loc":{"start":{"line":19,"column":17},"end":{"line":25,"column":5}},"line":19},"2":{"name":"(anonymous_2)","decl":{"start":{"line":21,"column":21},"end":{"line":21,"column":22}},"loc":{"start":{"line":21,"column":51},"end":{"line":24,"column":13}},"line":21},"3":{"name":"(anonymous_3)","decl":{"start":{"line":26,"column":4},"end":{"line":26,"column":5}},"loc":{"start":{"line":26,"column":26},"end":{"line":36,"column":5}},"line":26},"4":{"name":"(anonymous_4)","decl":{"start":{"line":37,"column":4},"end":{"line":37,"column":5}},"loc":{"start":{"line":37,"column":15},"end":{"line":53,"column":5}},"line":37},"5":{"name":"(anonymous_5)","decl":{"start":{"line":38,"column":35},"end":{"line":38,"column":36}},"loc":{"start":{"line":38,"column":74},"end":{"line":52,"column":9}},"line":38},"6":{"name":"(anonymous_6)","decl":{"start":{"line":41,"column":64},"end":{"line":41,"column":65}},"loc":{"start":{"line":41,"column":76},"end":{"line":41,"column":109}},"line":41}},"branchMap":{"0":{"loc":{"start":{"line":43,"column":12},"end":{"line":51,"column":13}},"type":"switch","locations":[{"start":{"line":44,"column":16},"end":{"line":44,"column":23}},{"start":{"line":45,"column":16},"end":{"line":47,"column":25}},{"start":{"line":48,"column":16},"end":{"line":50,"column":25}}],"line":43}},"s":{"0":1,"1":1,"2":1,"3":1,"4":3,"5":3,"6":0,"7":0,"8":0,"9":0,"10":0,"11":0,"12":0,"13":0,"14":0,"15":0,"16":0,"17":0},"f":{"0":1,"1":1,"2":3,"3":0,"4":0,"5":0,"6":0},"b":{"0":[0,0,0]},"_coverageSchema":"332fd63041d2c1bcb487cc26dd0d5f7d97098a6c","hash":"fe115d577fbf30362b7057606572e8f5eb2c31ce"}
,"/Users/gonzaloignaciopincheiraarancibia/Desktop/nodeApps/boolean/courses/html-js-exercises/templates/exercise-1-statement.md": {"path":"/Users/gonzaloignaciopincheiraarancibia/Desktop/nodeApps/boolean/courses/html-js-exercises/templates/exercise-1-statement.md","statementMap":{"0":{"start":{"line":1,"column":0},"end":{"line":1,"column":763}}},"fnMap":{},"branchMap":{},"s":{"0":1},"f":{},"b":{},"_coverageSchema":"332fd63041d2c1bcb487cc26dd0d5f7d97098a6c","hash":"28d2f5569f4246443827876dfc327c5e02b5815f"}
,"/Users/gonzaloignaciopincheiraarancibia/Desktop/nodeApps/boolean/courses/html-js-exercises/templates/exercise-2-statement.md": {"path":"/Users/gonzaloignaciopincheiraarancibia/Desktop/nodeApps/boolean/courses/html-js-exercises/templates/exercise-2-statement.md","statementMap":{"0":{"start":{"line":1,"column":0},"end":{"line":1,"column":1105}}},"fnMap":{},"branchMap":{},"s":{"0":1},"f":{},"b":{},"_coverageSchema":"332fd63041d2c1bcb487cc26dd0d5f7d97098a6c","hash":"4a31102531c32c25a4e12f72e375642ce67b88eb"}
,"/Users/gonzaloignaciopincheiraarancibia/Desktop/nodeApps/boolean/courses/html-js-exercises/templates/exercise-3-statement.md": {"path":"/Users/gonzaloignaciopincheiraarancibia/Desktop/nodeApps/boolean/courses/html-js-exercises/templates/exercise-3-statement.md","statementMap":{"0":{"start":{"line":1,"column":0},"end":{"line":1,"column":1382}}},"fnMap":{},"branchMap":{},"s":{"0":1},"f":{},"b":{},"_coverageSchema":"332fd63041d2c1bcb487cc26dd0d5f7d97098a6c","hash":"7248915d6acee96fb0571ea09f7e16a3117f158c"}
}
