TN:
SF:/Users/gonzaloignaciopincheiraarancibia/Desktop/nodeApps/boolean/courses/html-js-exercises/lib/ExercisesEvaluator.js
FN:10,(anonymous_0)
FN:19,(anonymous_1)
FN:21,(anonymous_2)
FN:26,(anonymous_3)
FN:37,(anonymous_4)
FN:38,(anonymous_5)
FN:41,(anonymous_6)
FNF:7
FNH:3
FNDA:1,(anonymous_0)
FNDA:1,(anonymous_1)
FNDA:3,(anonymous_2)
FNDA:0,(anonymous_3)
FNDA:0,(anonymous_4)
FNDA:0,(anonymous_5)
FNDA:0,(anonymous_6)
DA:11,1
DA:12,1
DA:17,1
DA:20,1
DA:22,3
DA:23,3
DA:27,0
DA:35,0
DA:38,0
DA:39,0
DA:40,0
DA:41,0
DA:43,0
DA:46,0
DA:47,0
DA:49,0
DA:50,0
LF:17
LH:6
BRDA:43,0,0,0
BRDA:43,0,1,0
BRDA:43,0,2,0
BRF:3
BRH:0
end_of_record
TN:
SF:/Users/gonzaloignaciopincheiraarancibia/Desktop/nodeApps/boolean/courses/html-js-exercises/templates/exercise-1-statement.md
FNF:0
FNH:0
DA:1,1
LF:1
LH:1
BRF:0
BRH:0
end_of_record
TN:
SF:/Users/gonzaloignaciopincheiraarancibia/Desktop/nodeApps/boolean/courses/html-js-exercises/templates/exercise-2-statement.md
FNF:0
FNH:0
DA:1,1
LF:1
LH:1
BRF:0
BRH:0
end_of_record
TN:
SF:/Users/gonzaloignaciopincheiraarancibia/Desktop/nodeApps/boolean/courses/html-js-exercises/templates/exercise-3-statement.md
FNF:0
FNH:0
DA:1,1
LF:1
LH:1
BRF:0
BRH:0
end_of_record
